<?xml version="1.0" encoding="UTF-8"?>
<testsuite name="cs271.lab.list.TestPerformance" tests="4" skipped="0" failures="0" errors="0" timestamp="2017-10-03T00:12:22" hostname="elenamurphy-lab003-5450866" time="0.069">
  <properties/>
  <testcase name="testArrayListAccess" classname="cs271.lab.list.TestPerformance" time="0.01"/>
  <testcase name="testLinkedListAddRemove" classname="cs271.lab.list.TestPerformance" time="0.021"/>
  <testcase name="testLinkedListAccess" classname="cs271.lab.list.TestPerformance" time="0.014"/>
  <testcase name="testArrayListAddRemove" classname="cs271.lab.list.TestPerformance" time="0.022"/>
  <system-out><![CDATA[]]></system-out>
  <system-err><![CDATA[]]></system-err>
</testsuite>
