<?xml version="1.0" encoding="UTF-8"?>
<testsuite name="cs271.lab.list.TestIterator" tests="4" skipped="0" failures="0" errors="0" timestamp="2017-10-06T14:53:13" hostname="elenamurphy-lab003-5450866" time="0.005">
  <properties/>
  <testcase name="testEmpty" classname="cs271.lab.list.TestIterator" time="0.001"/>
  <testcase name="testAverageValues" classname="cs271.lab.list.TestIterator" time="0.001"/>
  <testcase name="testRemove" classname="cs271.lab.list.TestIterator" time="0.001"/>
  <testcase name="testNonempty" classname="cs271.lab.list.TestIterator" time="0.001"/>
  <system-out><![CDATA[]]></system-out>
  <system-err><![CDATA[]]></system-err>
</testsuite>
