<?xml version="1.0" encoding="UTF-8"?>
<testsuite name="cs271.lab.list.TestPerformance" tests="4" skipped="0" failures="0" errors="0" timestamp="2017-10-06T14:45:18" hostname="elenamurphy-lab003-5450866" time="0.146">
  <properties/>
  <testcase name="testArrayListAccess" classname="cs271.lab.list.TestPerformance" time="0.007"/>
  <testcase name="testLinkedListAddRemove" classname="cs271.lab.list.TestPerformance" time="0.018"/>
  <testcase name="testLinkedListAccess" classname="cs271.lab.list.TestPerformance" time="0.017"/>
  <testcase name="testArrayListAddRemove" classname="cs271.lab.list.TestPerformance" time="0.103"/>
  <system-out><![CDATA[]]></system-out>
  <system-err><![CDATA[]]></system-err>
</testsuite>
